<?xml version="1.0" encoding="UTF-8"?>
<!-- Generated by org.testng.reporters.JUnitReportReporter -->
<testsuite skipped="0" hostname="TESTING-PRAVEEN" name="parameters.DateTimePicker" tests="1" failures="0" timestamp="08 Mar 2019 09:25:33 GMT" time="4.834" errors="0">
  <testcase name="dateTimePicker" time="4.834" classname="parameters.DateTimePicker"/>
</testsuite> <!-- parameters.DateTimePicker -->
