<?xml version="1.0" encoding="UTF-8"?>
<!-- Generated by org.testng.reporters.JUnitReportReporter -->
<testsuite skipped="0" hostname="TESTING-PRAVEEN" name="pOM_Mukesh.Pharmacy" tests="1" failures="0" timestamp="08 Mar 2019 07:20:12 GMT" time="7.201" errors="0">
  <testcase name="CheckUser" time="7.201" classname="pOM_Mukesh.Pharmacy"/>
</testsuite> <!-- pOM_Mukesh.Pharmacy -->
